TN:
SF:src\getFixturePath.js
FN:3,(anonymous_0)
FNF:1
FNH:1
FNDA:10,(anonymous_0)
DA:3,10
LF:1
LH:1
BRF:0
BRH:0
end_of_record
TN:
SF:src\index.js
FN:6,(anonymous_0)
FN:14,(anonymous_1)
FN:28,(anonymous_2)
FN:35,(anonymous_3)
FN:37,(anonymous_4)
FN:40,(anonymous_5)
FN:43,(anonymous_6)
FN:62,(anonymous_7)
FNF:8
FNH:8
FNDA:6,(anonymous_0)
FNDA:6,(anonymous_1)
FNDA:128,(anonymous_2)
FNDA:15,(anonymous_3)
FNDA:52,(anonymous_4)
FNDA:15,(anonymous_5)
FNDA:52,(anonymous_6)
FNDA:3,(anonymous_7)
DA:6,1
DA:7,6
DA:8,6
DA:9,6
DA:11,0
DA:14,1
DA:15,6
DA:16,6
DA:18,6
DA:19,2
DA:21,4
DA:22,4
DA:25,0
DA:28,1
DA:29,128
DA:30,52
DA:32,76
DA:35,1
DA:36,15
DA:37,52
DA:40,1
DA:41,15
DA:43,15
DA:44,52
DA:45,15
DA:47,37
DA:48,8
DA:50,29
DA:51,24
DA:52,12
DA:54,12
DA:58,5
DA:62,1
DA:63,3
DA:64,3
DA:65,3
DA:70,3
LF:37
LH:35
BRDA:8,0,0,6
BRDA:8,0,1,0
BRDA:8,1,0,6
BRDA:8,1,1,4
BRDA:8,1,2,0
BRDA:18,2,0,2
BRDA:18,2,1,4
BRDA:21,3,0,4
BRDA:21,3,1,0
BRDA:21,4,0,4
BRDA:21,4,1,0
BRDA:29,5,0,52
BRDA:29,5,1,76
BRDA:29,6,0,128
BRDA:29,6,1,86
BRDA:44,7,0,15
BRDA:44,7,1,37
BRDA:47,8,0,8
BRDA:47,8,1,29
BRDA:50,9,0,24
BRDA:50,9,1,5
BRDA:51,10,0,12
BRDA:51,10,1,12
BRDA:51,11,0,24
BRDA:51,11,1,15
BRDA:51,11,2,15
BRDA:51,11,3,12
BRDA:62,12,0,0
BRF:28
BRH:23
end_of_record
TN:
SF:src\formatters\index.js
FN:5,(anonymous_0)
FNF:1
FNH:1
FNDA:3,(anonymous_0)
DA:5,1
DA:6,3
DA:7,3
DA:8,0
DA:10,3
LF:5
LH:4
BRDA:7,0,0,0
BRDA:7,0,1,3
BRF:2
BRH:1
end_of_record
TN:
SF:src\formatters\json.js
FN:1,(anonymous_0)
FNF:1
FNH:1
FNDA:1,(anonymous_0)
DA:1,1
LF:1
LH:1
BRF:0
BRH:0
end_of_record
TN:
SF:src\formatters\plain.js
FN:10,(anonymous_0)
FN:12,(anonymous_1)
FN:19,(anonymous_2)
FN:23,(anonymous_3)
FN:27,(anonymous_4)
FN:34,(anonymous_5)
FN:35,(anonymous_6)
FN:37,(anonymous_7)
FN:38,(anonymous_8)
FN:40,(anonymous_9)
FN:43,(anonymous_10)
FN:44,(anonymous_11)
FNF:12
FNH:12
FNDA:12,(anonymous_0)
FNDA:13,(anonymous_1)
FNDA:5,(anonymous_2)
FNDA:4,(anonymous_3)
FNDA:3,(anonymous_4)
FNDA:4,(anonymous_5)
FNDA:13,(anonymous_6)
FNDA:1,(anonymous_7)
FNDA:4,(anonymous_8)
FNDA:1,(anonymous_9)
FNDA:1,(anonymous_10)
FNDA:18,(anonymous_11)
DA:3,1
DA:4,1
DA:5,1
DA:6,1
DA:7,1
DA:8,1
DA:10,12
DA:12,1
DA:13,13
DA:14,13
DA:15,9
DA:18,1
DA:20,5
DA:21,5
DA:24,4
DA:25,4
DA:28,3
DA:29,3
DA:30,1
DA:32,2
DA:35,13
DA:38,4
DA:40,1
DA:43,1
DA:44,1
DA:45,18
DA:46,18
DA:48,1
LF:28
LH:28
BRDA:13,0,0,0
BRDA:13,0,1,13
BRDA:14,1,0,4
BRDA:14,1,1,9
BRDA:15,2,0,7
BRDA:15,2,1,2
BRDA:29,3,0,1
BRDA:29,3,1,2
BRF:8
BRH:7
end_of_record
TN:
SF:src\formatters\stylish.js
FN:2,(anonymous_0)
FN:4,(anonymous_1)
FN:12,(anonymous_2)
FNF:3
FNH:2
FNDA:2,(anonymous_0)
FNDA:1,(anonymous_1)
FNDA:0,(anonymous_2)
DA:2,2
DA:4,1
DA:5,1
DA:6,1
DA:8,1
DA:9,1
DA:12,0
DA:13,0
DA:15,0
DA:17,0
DA:19,0
DA:21,0
DA:26,0
DA:28,0
DA:32,0
LF:15
LH:6
BRDA:2,0,0,2
BRDA:4,1,0,1
BRDA:8,2,0,1
BRDA:8,2,1,0
BRDA:13,3,0,0
BRDA:13,3,1,0
BRDA:13,3,2,0
BRDA:13,3,3,0
BRDA:13,3,4,0
BRDA:13,3,5,0
BRF:10
BRH:3
end_of_record
